<?xml version="1.0" encoding="UTF-8"?>
<!-- Generated by org.testng.reporters.JUnitReportReporter -->
<testsuite skipped="0" hostname="DESKTOP-G2S5BGV" name="FreeCRMTest" tests="2" failures="0" timestamp="03 Feb 2020 02:49:51 GMT" time="12.952" errors="0">
  <testcase name="freemCRMLogoTest" time="7.278" classname="FreeCRMTest"/>
  <testcase name="freeCrmTitleTest" time="5.674" classname="FreeCRMTest"/>
</testsuite> <!-- FreeCRMTest -->
