<?xml version="1.0" encoding="UTF-8"?>
<!-- Generated by org.testng.reporters.JUnitReportReporter -->
<testsuite skipped="0" hostname="DESKTOP-G2S5BGV" name="FreeCRMTest" tests="2" failures="0" timestamp="31 Jan 2020 01:48:46 GMT" time="15.190" errors="0">
  <testcase name="freeCrmTitleTest" time="8.762" classname="FreeCRMTest"/>
  <testcase name="freemCRMLogoTest" time="6.428" classname="FreeCRMTest"/>
</testsuite> <!-- FreeCRMTest -->
