<?xml version="1.0" encoding="UTF-8"?>
<!-- Generated by org.testng.reporters.JUnitReportReporter -->
<testsuite skipped="0" hostname="DESKTOP-G2S5BGV" name="FreeCRMTest" tests="2" failures="0" timestamp="02 Feb 2020 23:04:13 GMT" time="12.573" errors="0">
  <testcase name="freemCRMLogoTest" time="5.922" classname="FreeCRMTest"/>
  <testcase name="freeCrmTitleTest" time="6.651" classname="FreeCRMTest"/>
</testsuite> <!-- FreeCRMTest -->
