<?xml version="1.0" encoding="UTF-8"?>
<!-- Generated by org.testng.reporters.JUnitReportReporter -->
<testsuite skipped="0" hostname="DESKTOP-G2S5BGV" name="FreeCRMTest" tests="2" failures="0" timestamp="03 Feb 2020 02:37:56 GMT" time="13.833" errors="0">
  <testcase name="freemCRMLogoTest" time="7.081" classname="FreeCRMTest"/>
  <testcase name="freeCrmTitleTest" time="6.752" classname="FreeCRMTest"/>
</testsuite> <!-- FreeCRMTest -->
