<?xml version="1.0" encoding="UTF-8"?>
<!-- Generated by org.testng.reporters.JUnitReportReporter -->
<testsuite skipped="0" hostname="DESKTOP-G2S5BGV" name="FreeCRMTest" tests="2" failures="0" timestamp="02 Feb 2020 04:44:40 GMT" time="13.472" errors="0">
  <testcase name="freemCRMLogoTest" time="6.326" classname="FreeCRMTest"/>
  <testcase name="freeCrmTitleTest" time="7.146" classname="FreeCRMTest"/>
</testsuite> <!-- FreeCRMTest -->
